INFO  08:54:29 Request starting HTTP/2.0 GET https://localhost:44331/  
INFO  08:54:29 Executing endpoint 'Page: /Index'
INFO  08:54:30 Route matched with {page = "/Index", area = ""}. Executing page /Index
INFO  08:54:30 Executing handler method EmployeeInfo.Pages.IndexModel.OnGet - ModelState is Valid
INFO  08:54:30 Executed handler method OnGet, returned result .
INFO  08:54:30 Executing an implicit handler method - ModelState is Valid
INFO  08:54:30 Executed an implicit handler method, returned result Microsoft.AspNetCore.Mvc.RazorPages.PageResult.
INFO  08:54:31 Executed page /Index in 1092.9186ms
INFO  08:54:31 Executed endpoint 'Page: /Index'
ERROR 08:54:31 An unhandled exception has occurred while executing the request.
INFO  08:54:31 Request finished in 2574.7724ms 500 text/html; charset=utf-8
INFO  08:54:32 Request starting HTTP/2.0 GET https://localhost:44331/favicon.ico  
INFO  08:54:32 Sending file. Request path: '/favicon.ico'. Physical path: 'C:\USER FILES\PROJECTS\EmployeeInfo\EmployeeInfo\wwwroot\favicon.ico'
INFO  08:54:32 Request finished in 85.6584ms 200 image/x-icon
INFO  08:54:35 Request starting HTTP/2.0 GET https://localhost:44331/  
INFO  08:54:35 Executing endpoint 'Page: /Index'
INFO  08:54:35 Route matched with {page = "/Index", area = ""}. Executing page /Index
INFO  08:54:35 Executing handler method EmployeeInfo.Pages.IndexModel.OnGet - ModelState is Valid
INFO  08:54:35 Executed handler method OnGet, returned result .
INFO  08:54:35 Executing an implicit handler method - ModelState is Valid
INFO  08:54:35 Executed an implicit handler method, returned result Microsoft.AspNetCore.Mvc.RazorPages.PageResult.
INFO  08:54:35 Executed page /Index in 93.9814ms
INFO  08:54:35 Executed endpoint 'Page: /Index'
ERROR 08:54:35 An unhandled exception has occurred while executing the request.
INFO  08:54:35 Request finished in 173.0672ms 500 text/html; charset=utf-8
INFO  08:54:35 Request starting HTTP/2.0 GET https://localhost:44331/favicon.ico  
INFO  08:54:36 Sending file. Request path: '/favicon.ico'. Physical path: 'C:\USER FILES\PROJECTS\EmployeeInfo\EmployeeInfo\wwwroot\favicon.ico'
INFO  08:54:36 Request finished in 33.7521ms 200 image/x-icon
INFO  09:07:41 Request starting HTTP/2.0 GET https://localhost:44331/  
INFO  09:07:41 Executing endpoint 'Page: /Index'
INFO  09:07:41 Route matched with {page = "/Index", area = ""}. Executing page /Index
INFO  09:07:41 Executing handler method EmployeeInfo.Pages.IndexModel.OnGet - ModelState is Valid
INFO  09:07:41 Executed handler method OnGet, returned result .
INFO  09:07:41 Executing an implicit handler method - ModelState is Valid
INFO  09:07:41 Executed an implicit handler method, returned result Microsoft.AspNetCore.Mvc.RazorPages.PageResult.
INFO  09:07:42 Executed page /Index in 512.9193ms
INFO  09:07:42 Executed endpoint 'Page: /Index'
ERROR 09:07:42 An unhandled exception has occurred while executing the request.
INFO  09:07:42 Request finished in 1801.7767ms 500 text/html; charset=utf-8
INFO  09:08:08 Request starting HTTP/2.0 GET https://localhost:44331/  
INFO  09:08:08 Executing endpoint 'Page: /Index'
INFO  09:08:08 Route matched with {page = "/Index", area = ""}. Executing page /Index
INFO  09:08:08 Executing handler method EmployeeInfo.Pages.IndexModel.OnGet - ModelState is Valid
INFO  09:08:08 Executed handler method OnGet, returned result .
INFO  09:08:08 Executing an implicit handler method - ModelState is Valid
INFO  09:08:08 Executed an implicit handler method, returned result Microsoft.AspNetCore.Mvc.RazorPages.PageResult.
INFO  09:08:08 Executed page /Index in 77.1712ms
INFO  09:08:08 Executed endpoint 'Page: /Index'
ERROR 09:08:08 An unhandled exception has occurred while executing the request.
INFO  09:08:08 Request finished in 148.9658ms 500 text/html; charset=utf-8
INFO  09:08:08 Request starting HTTP/2.0 GET https://localhost:44331/favicon.ico  
INFO  09:08:08 Sending file. Request path: '/favicon.ico'. Physical path: 'C:\USER FILES\PROJECTS\EmployeeInfo\EmployeeInfo\wwwroot\favicon.ico'
INFO  09:08:08 Request finished in 83.697ms 200 image/x-icon
INFO  09:09:08 Request starting HTTP/2.0 GET https://localhost:44331/  
INFO  09:09:08 Executing endpoint 'Page: /Index'
INFO  09:09:08 Route matched with {page = "/Index", area = ""}. Executing page /Index
INFO  09:09:08 Executing handler method EmployeeInfo.Pages.IndexModel.OnGet - ModelState is Valid
INFO  09:09:08 Executed handler method OnGet, returned result .
INFO  09:09:08 Executing an implicit handler method - ModelState is Valid
INFO  09:09:08 Executed an implicit handler method, returned result Microsoft.AspNetCore.Mvc.RazorPages.PageResult.
INFO  09:09:08 Executed page /Index in 469.3165ms
INFO  09:09:08 Executed endpoint 'Page: /Index'
ERROR 09:09:09 An unhandled exception has occurred while executing the request.
INFO  09:09:09 Request finished in 1300.1354ms 500 text/html; charset=utf-8
INFO  09:15:20 Request starting HTTP/2.0 GET https://localhost:44331/  
INFO  09:15:20 Executing endpoint 'Page: /Index'
INFO  09:15:20 Route matched with {page = "/Index", area = ""}. Executing page /Index
INFO  09:15:20 Executing handler method EmployeeInfo.Pages.IndexModel.OnGet - ModelState is Valid
INFO  09:15:20 Executed handler method OnGet, returned result .
INFO  09:15:20 Executing an implicit handler method - ModelState is Valid
INFO  09:15:20 Executed an implicit handler method, returned result Microsoft.AspNetCore.Mvc.RazorPages.PageResult.
INFO  09:15:21 Executed page /Index in 538.9372ms
INFO  09:15:21 Executed endpoint 'Page: /Index'
ERROR 09:15:21 An unhandled exception has occurred while executing the request.
INFO  09:15:21 Request finished in 1389.0181ms 500 text/html; charset=utf-8
INFO  09:21:02 Request starting HTTP/2.0 GET https://localhost:44331/  
INFO  09:21:02 Executing endpoint 'Page: /Index'
INFO  09:21:02 Route matched with {page = "/Index", area = ""}. Executing page /Index
INFO  09:21:02 Executing handler method EmployeeInfo.Pages.IndexModel.OnGet - ModelState is Valid
INFO  09:21:02 Executed handler method OnGet, returned result .
INFO  09:21:02 Executing an implicit handler method - ModelState is Valid
INFO  09:21:02 Executed an implicit handler method, returned result Microsoft.AspNetCore.Mvc.RazorPages.PageResult.
INFO  09:21:26 Executed page /Index in 23458.652ms
INFO  09:21:26 Executed endpoint 'Page: /Index'
INFO  09:21:26 Request finished in 23546.9874ms 200 text/html; charset=utf-8
INFO  09:21:26 Request starting HTTP/2.0 GET https://localhost:44331/lib/bootstrap/dist/js/bootstrap.bundle.js  
INFO  09:21:26 Request starting HTTP/2.0 GET https://localhost:44331/js/site.js?v=dLGP40S79Xnx6GqUthRF6NWvjvhQ1nOvdVSwaNcgG18  
INFO  09:21:26 Request starting HTTP/2.0 GET https://localhost:44331/lib/jquery/dist/jquery.js  
INFO  09:21:26 Request starting HTTP/2.0 GET https://localhost:44331/css/site.css  
INFO  09:21:26 Request starting HTTP/2.0 GET https://localhost:44331/lib/bootstrap/dist/css/bootstrap.css  
INFO  09:21:26 Sending file. Request path: '/js/site.js'. Physical path: 'C:\USER FILES\PROJECTS\EmployeeInfo\EmployeeInfo\wwwroot\js\site.js'
INFO  09:21:26 Sending file. Request path: '/css/site.css'. Physical path: 'C:\USER FILES\PROJECTS\EmployeeInfo\EmployeeInfo\wwwroot\css\site.css'
INFO  09:21:26 Request finished in 186.3601ms 200 application/javascript
INFO  09:21:26 Request finished in 148.1722ms 200 text/css
INFO  09:21:26 Sending file. Request path: '/lib/bootstrap/dist/css/bootstrap.css'. Physical path: 'C:\USER FILES\PROJECTS\EmployeeInfo\EmployeeInfo\wwwroot\lib\bootstrap\dist\css\bootstrap.css'
INFO  09:21:26 Request finished in 202.2452ms 200 text/css
INFO  09:21:26 Sending file. Request path: '/lib/bootstrap/dist/js/bootstrap.bundle.js'. Physical path: 'C:\USER FILES\PROJECTS\EmployeeInfo\EmployeeInfo\wwwroot\lib\bootstrap\dist\js\bootstrap.bundle.js'
INFO  09:21:26 Request finished in 280.7477ms 200 application/javascript
INFO  09:21:26 Sending file. Request path: '/lib/jquery/dist/jquery.js'. Physical path: 'C:\USER FILES\PROJECTS\EmployeeInfo\EmployeeInfo\wwwroot\lib\jquery\dist\jquery.js'
INFO  09:21:26 Request finished in 373.0786ms 200 application/javascript
INFO  09:21:27 Request starting HTTP/2.0 GET https://localhost:44331/favicon.ico  
INFO  09:21:27 Sending file. Request path: '/favicon.ico'. Physical path: 'C:\USER FILES\PROJECTS\EmployeeInfo\EmployeeInfo\wwwroot\favicon.ico'
INFO  09:21:27 Request finished in 19.9904ms 200 image/x-icon
INFO  09:21:37 Request starting HTTP/2.0 GET https://localhost:44331/Identity/Account/Login  
INFO  09:21:38 Executing endpoint 'Page: /Account/Login'
INFO  09:21:38 Route matched with {page = "/Account/Login", area = "Identity"}. Executing page /Account/Login
INFO  09:21:38 Executed page /Account/Login in 16.8647ms
INFO  09:21:38 Executed endpoint 'Page: /Account/Login'
ERROR 09:21:38 An unhandled exception has occurred while executing the request.
INFO  09:21:38 Request finished in 345.3546ms 500 text/html; charset=utf-8
INFO  09:28:47 Request starting HTTP/2.0 GET https://localhost:44331/  
INFO  09:28:47 Executing endpoint 'Page: /Index'
INFO  09:28:47 Route matched with {page = "/Index", area = ""}. Executing page /Index
INFO  09:28:47 Executing handler method EmployeeInfo.Pages.IndexModel.OnGet - ModelState is Valid
INFO  09:28:47 Executed handler method OnGet, returned result .
INFO  09:28:47 Executing an implicit handler method - ModelState is Valid
INFO  09:28:47 Executed an implicit handler method, returned result Microsoft.AspNetCore.Mvc.RazorPages.PageResult.
INFO  09:28:47 Executed page /Index in 497.135ms
INFO  09:28:47 Executed endpoint 'Page: /Index'
INFO  09:28:48 Request finished in 743.752ms 200 text/html; charset=utf-8
INFO  09:28:53 Request starting HTTP/2.0 GET https://localhost:44331/Identity/Account/Login  
INFO  09:28:53 Executing endpoint 'Page: /Account/Login'
INFO  09:28:53 Route matched with {page = "/Account/Login", area = "Identity"}. Executing page /Account/Login
INFO  09:28:53 Executing handler method EmployeeInfo.Areas.Identity.Pages.Account.LoginModel.OnGetAsync - ModelState is Valid
INFO  09:28:54 AuthenticationScheme: Identity.External signed out.
INFO  09:28:54 Executed handler method OnGetAsync, returned result .
INFO  09:28:54 Executing an implicit handler method - ModelState is Valid
INFO  09:28:54 Executed an implicit handler method, returned result Microsoft.AspNetCore.Mvc.RazorPages.PageResult.
INFO  09:28:54 Executed page /Account/Login in 1076.6437ms
INFO  09:28:54 Executed endpoint 'Page: /Account/Login'
INFO  09:28:54 Request finished in 1215.2542ms 200 text/html; charset=utf-8
INFO  09:28:54 Request starting HTTP/2.0 GET https://localhost:44331/Identity/lib/jquery-validation/dist/jquery.validate.js  
INFO  09:28:54 Request starting HTTP/2.0 GET https://localhost:44331/Identity/lib/jquery-validation-unobtrusive/jquery.validate.unobtrusive.js  
INFO  09:28:54 Sending file. Request path: '/Identity/lib/jquery-validation-unobtrusive/jquery.validate.unobtrusive.js'. Physical path: 'N/A'
INFO  09:28:54 Sending file. Request path: '/Identity/lib/jquery-validation/dist/jquery.validate.js'. Physical path: 'N/A'
INFO  09:28:54 Request finished in 70.1884ms 200 application/javascript
INFO  09:28:54 Request finished in 84.2454ms 200 application/javascript
INFO  09:28:57 Request starting HTTP/2.0 GET https://localhost:44331/Identity/Account/Register  
INFO  09:28:57 Executing endpoint 'Page: /Account/Register'
INFO  09:28:57 Route matched with {page = "/Account/Register", area = "Identity"}. Executing page /Account/Register
INFO  09:28:57 Executing handler method EmployeeInfo.Areas.Identity.Pages.Account.RegisterModel.OnGet - ModelState is Valid
INFO  09:28:57 Executed handler method OnGet, returned result .
INFO  09:28:57 Executing an implicit handler method - ModelState is Valid
INFO  09:28:57 Executed an implicit handler method, returned result Microsoft.AspNetCore.Mvc.RazorPages.PageResult.
INFO  09:28:57 Executed page /Account/Register in 52.9366ms
INFO  09:28:57 Executed endpoint 'Page: /Account/Register'
INFO  09:28:57 Request finished in 89.221ms 200 text/html; charset=utf-8
INFO  09:29:11 Request starting HTTP/2.0 POST https://localhost:44331/Identity/Account/Register application/x-www-form-urlencoded 280
INFO  09:29:11 Executing endpoint 'Page: /Account/Register'
INFO  09:29:11 Route matched with {page = "/Account/Register", area = "Identity"}. Executing page /Account/Register
INFO  09:29:12 Executing handler method EmployeeInfo.Areas.Identity.Pages.Account.RegisterModel.OnPostAsync - ModelState is Valid
WARN  09:29:12 User a61aebf7-b8fc-49ef-b618-109379d7eccf password validation failed: PasswordRequiresUpper.
INFO  09:29:12 Executed handler method OnPostAsync, returned result Microsoft.AspNetCore.Mvc.RazorPages.PageResult.
INFO  09:29:12 Executed page /Account/Register in 351.8026ms
INFO  09:29:12 Executed endpoint 'Page: /Account/Register'
INFO  09:29:12 Request finished in 374.3606ms 200 text/html; charset=utf-8
INFO  09:29:25 Request starting HTTP/2.0 POST https://localhost:44331/Identity/Account/Register application/x-www-form-urlencoded 280
INFO  09:29:25 Executing endpoint 'Page: /Account/Register'
INFO  09:29:25 Route matched with {page = "/Account/Register", area = "Identity"}. Executing page /Account/Register
INFO  09:29:25 Executing handler method EmployeeInfo.Areas.Identity.Pages.Account.RegisterModel.OnPostAsync - ModelState is Valid
INFO  09:29:26 Entity Framework Core 2.2.6-servicing-10079 initialized 'ApplicationDbContext' using provider 'Microsoft.EntityFrameworkCore.SqlServer' with options: None
ERROR 09:29:29 An error occurred using the connection to database 'EmployeeInfoIdentity' on server 'LIN72000345'.
ERROR 09:29:29 An exception occurred while iterating over the results of a query for context type 'EmployeeInfo.Data.DataContext.ApplicationDbContext'.
System.Data.SqlClient.SqlException (0x80131904): Cannot open database "EmployeeInfoIdentity" requested by the login. The login failed.
Login failed for user 'sa'.
   at System.Data.SqlClient.SqlInternalConnectionTds..ctor(DbConnectionPoolIdentity identity, SqlConnectionString connectionOptions, SqlCredential credential, Object providerInfo, String newPassword, SecureString newSecurePassword, Boolean redirectedUserInstance, SqlConnectionString userConnectionOptions, SessionData reconnectSessionData, Boolean applyTransientFaultHandling, String accessToken)
   at System.Data.SqlClient.SqlConnectionFactory.CreateConnection(DbConnectionOptions options, DbConnectionPoolKey poolKey, Object poolGroupProviderInfo, DbConnectionPool pool, DbConnection owningConnection, DbConnectionOptions userOptions)
   at System.Data.ProviderBase.DbConnectionFactory.CreatePooledConnection(DbConnectionPool pool, DbConnection owningObject, DbConnectionOptions options, DbConnectionPoolKey poolKey, DbConnectionOptions userOptions)
   at System.Data.ProviderBase.DbConnectionPool.CreateObject(DbConnection owningObject, DbConnectionOptions userOptions, DbConnectionInternal oldConnection)
   at System.Data.ProviderBase.DbConnectionPool.UserCreateRequest(DbConnection owningObject, DbConnectionOptions userOptions, DbConnectionInternal oldConnection)
   at System.Data.ProviderBase.DbConnectionPool.TryGetConnection(DbConnection owningObject, UInt32 waitForMultipleObjectsTimeout, Boolean allowCreate, Boolean onlyOneCheckConnection, DbConnectionOptions userOptions, DbConnectionInternal& connection)
   at System.Data.ProviderBase.DbConnectionPool.WaitForPendingOpen()
--- End of stack trace from previous location where exception was thrown ---
   at Microsoft.EntityFrameworkCore.Storage.RelationalConnection.OpenDbConnectionAsync(Boolean errorsExpected, CancellationToken cancellationToken)
   at Microsoft.EntityFrameworkCore.Storage.RelationalConnection.OpenAsync(CancellationToken cancellationToken, Boolean errorsExpected)
   at Microsoft.EntityFrameworkCore.Query.Internal.AsyncQueryingEnumerable`1.AsyncEnumerator.BufferlessMoveNext(DbContext _, Boolean buffer, CancellationToken cancellationToken)
   at Microsoft.EntityFrameworkCore.SqlServer.Storage.Internal.SqlServerExecutionStrategy.ExecuteAsync[TState,TResult](TState state, Func`4 operation, Func`4 verifySucceeded, CancellationToken cancellationToken)
   at Microsoft.EntityFrameworkCore.Query.Internal.AsyncQueryingEnumerable`1.AsyncEnumerator.MoveNext(CancellationToken cancellationToken)
   at System.Linq.AsyncEnumerable.FirstOrDefault_[TSource](IAsyncEnumerable`1 source, CancellationToken cancellationToken) in D:\a\1\s\Ix.NET\Source\System.Interactive.Async\First.cs:line 144
   at Microsoft.EntityFrameworkCore.Query.Internal.AsyncLinqOperatorProvider.TaskResultAsyncEnumerable`1.Enumerator.MoveNext(CancellationToken cancellationToken)
   at System.Linq.AsyncEnumerable.SelectEnumerableAsyncIterator`2.MoveNextCore(CancellationToken cancellationToken) in D:\a\1\s\Ix.NET\Source\System.Interactive.Async\Select.cs:line 106
   at System.Linq.AsyncEnumerable.AsyncIterator`1.MoveNext(CancellationToken cancellationToken) in D:\a\1\s\Ix.NET\Source\System.Interactive.Async\AsyncIterator.cs:line 98
   at Microsoft.EntityFrameworkCore.Query.Internal.AsyncLinqOperatorProvider.ExceptionInterceptor`1.EnumeratorExceptionInterceptor.MoveNext(CancellationToken cancellationToken)
ClientConnectionId:83808b1a-2e75-4668-92be-65c81db49d0e
Error Number:4060,State:1,Class:11
ERROR 09:29:29 An exception occurred while iterating over the results of a query for context type 'EmployeeInfo.Data.DataContext.ApplicationDbContext'.
System.Data.SqlClient.SqlException (0x80131904): Cannot open database "EmployeeInfoIdentity" requested by the login. The login failed.
Login failed for user 'sa'.
   at System.Data.SqlClient.SqlInternalConnectionTds..ctor(DbConnectionPoolIdentity identity, SqlConnectionString connectionOptions, SqlCredential credential, Object providerInfo, String newPassword, SecureString newSecurePassword, Boolean redirectedUserInstance, SqlConnectionString userConnectionOptions, SessionData reconnectSessionData, Boolean applyTransientFaultHandling, String accessToken)
   at System.Data.SqlClient.SqlConnectionFactory.CreateConnection(DbConnectionOptions options, DbConnectionPoolKey poolKey, Object poolGroupProviderInfo, DbConnectionPool pool, DbConnection owningConnection, DbConnectionOptions userOptions)
   at System.Data.ProviderBase.DbConnectionFactory.CreatePooledConnection(DbConnectionPool pool, DbConnection owningObject, DbConnectionOptions options, DbConnectionPoolKey poolKey, DbConnectionOptions userOptions)
   at System.Data.ProviderBase.DbConnectionPool.CreateObject(DbConnection owningObject, DbConnectionOptions userOptions, DbConnectionInternal oldConnection)
   at System.Data.ProviderBase.DbConnectionPool.UserCreateRequest(DbConnection owningObject, DbConnectionOptions userOptions, DbConnectionInternal oldConnection)
   at System.Data.ProviderBase.DbConnectionPool.TryGetConnection(DbConnection owningObject, UInt32 waitForMultipleObjectsTimeout, Boolean allowCreate, Boolean onlyOneCheckConnection, DbConnectionOptions userOptions, DbConnectionInternal& connection)
   at System.Data.ProviderBase.DbConnectionPool.WaitForPendingOpen()
--- End of stack trace from previous location where exception was thrown ---
   at Microsoft.EntityFrameworkCore.Storage.RelationalConnection.OpenDbConnectionAsync(Boolean errorsExpected, CancellationToken cancellationToken)
   at Microsoft.EntityFrameworkCore.Storage.RelationalConnection.OpenAsync(CancellationToken cancellationToken, Boolean errorsExpected)
   at Microsoft.EntityFrameworkCore.Query.Internal.AsyncQueryingEnumerable`1.AsyncEnumerator.BufferlessMoveNext(DbContext _, Boolean buffer, CancellationToken cancellationToken)
   at Microsoft.EntityFrameworkCore.SqlServer.Storage.Internal.SqlServerExecutionStrategy.ExecuteAsync[TState,TResult](TState state, Func`4 operation, Func`4 verifySucceeded, CancellationToken cancellationToken)
   at Microsoft.EntityFrameworkCore.Query.Internal.AsyncQueryingEnumerable`1.AsyncEnumerator.MoveNext(CancellationToken cancellationToken)
   at System.Linq.AsyncEnumerable.FirstOrDefault_[TSource](IAsyncEnumerable`1 source, CancellationToken cancellationToken) in D:\a\1\s\Ix.NET\Source\System.Interactive.Async\First.cs:line 144
   at Microsoft.EntityFrameworkCore.Query.Internal.AsyncLinqOperatorProvider.TaskResultAsyncEnumerable`1.Enumerator.MoveNext(CancellationToken cancellationToken)
   at System.Linq.AsyncEnumerable.SelectEnumerableAsyncIterator`2.MoveNextCore(CancellationToken cancellationToken) in D:\a\1\s\Ix.NET\Source\System.Interactive.Async\Select.cs:line 106
   at System.Linq.AsyncEnumerable.AsyncIterator`1.MoveNext(CancellationToken cancellationToken) in D:\a\1\s\Ix.NET\Source\System.Interactive.Async\AsyncIterator.cs:line 98
   at Microsoft.EntityFrameworkCore.Query.Internal.AsyncLinqOperatorProvider.ExceptionInterceptor`1.EnumeratorExceptionInterceptor.MoveNext(CancellationToken cancellationToken)
   at Microsoft.EntityFrameworkCore.Query.Internal.QueryCompiler.ExecuteSingletonAsyncQuery[TResult](QueryContext queryContext, Func`2 compiledQuery, IDiagnosticsLogger`1 logger, Type contextType)
ClientConnectionId:83808b1a-2e75-4668-92be-65c81db49d0e
Error Number:4060,State:1,Class:11
INFO  09:29:30 Executed page /Account/Register in 4687.2117ms
INFO  09:29:30 Executed endpoint 'Page: /Account/Register'
INFO  09:29:30 Request finished in 4920.2132ms 500 text/html; charset=utf-8
INFO  09:46:48 Request starting HTTP/2.0 GET https://localhost:44331/  
INFO  09:46:48 Executing endpoint 'Page: /Index'
INFO  09:46:49 Route matched with {page = "/Index", area = ""}. Executing page /Index
INFO  09:46:49 Executing handler method EmployeeInfo.Pages.IndexModel.OnGet - ModelState is Valid
INFO  09:46:49 Executed handler method OnGet, returned result .
INFO  09:46:49 Executing an implicit handler method - ModelState is Valid
INFO  09:46:49 Executed an implicit handler method, returned result Microsoft.AspNetCore.Mvc.RazorPages.PageResult.
INFO  09:46:50 Executed page /Index in 1608.5152ms
INFO  09:46:50 Executed endpoint 'Page: /Index'
INFO  09:46:50 Request finished in 2051.0172ms 200 text/html; charset=utf-8
INFO  09:46:53 Request starting HTTP/2.0 GET https://localhost:44331/Identity/Account/Register  
INFO  09:46:53 Executing endpoint 'Page: /Account/Register'
INFO  09:46:53 Route matched with {page = "/Account/Register", area = "Identity"}. Executing page /Account/Register
INFO  09:46:53 Executing handler method EmployeeInfo.Areas.Identity.Pages.Account.RegisterModel.OnGet - ModelState is Valid
INFO  09:46:53 Executed handler method OnGet, returned result .
INFO  09:46:53 Executing an implicit handler method - ModelState is Valid
INFO  09:46:53 Executed an implicit handler method, returned result Microsoft.AspNetCore.Mvc.RazorPages.PageResult.
INFO  09:46:53 Executed page /Account/Register in 107.2935ms
INFO  09:46:53 Executed endpoint 'Page: /Account/Register'
INFO  09:46:53 Request finished in 182.0322ms 200 text/html; charset=utf-8
INFO  09:47:07 Request starting HTTP/2.0 POST https://localhost:44331/Identity/Account/Register application/x-www-form-urlencoded 280
INFO  09:47:07 Executing endpoint 'Page: /Account/Register'
INFO  09:47:07 Route matched with {page = "/Account/Register", area = "Identity"}. Executing page /Account/Register
INFO  09:47:07 Executing handler method EmployeeInfo.Areas.Identity.Pages.Account.RegisterModel.OnPostAsync - ModelState is Valid
INFO  09:47:07 Entity Framework Core 2.2.6-servicing-10079 initialized 'ApplicationDbContext' using provider 'Microsoft.EntityFrameworkCore.SqlServer' with options: None
ERROR 09:47:09 An error occurred using the connection to database 'EmployeeInfoIdentity' on server 'LIN72000345'.
ERROR 09:47:10 An exception occurred while iterating over the results of a query for context type 'EmployeeInfo.Data.DataContext.ApplicationDbContext'.
System.InvalidOperationException: An exception has been raised that is likely due to a transient failure. Consider enabling transient error resiliency by adding 'EnableRetryOnFailure()' to the 'UseSqlServer' call. ---> System.Data.SqlClient.SqlException: A connection was successfully established with the server, but then an error occurred during the login process. (provider: Shared Memory Provider, error: 0 - No process is on the other end of the pipe.) ---> System.ComponentModel.Win32Exception: No process is on the other end of the pipe
   --- End of inner exception stack trace ---
   at System.Data.SqlClient.SqlInternalConnectionTds..ctor(DbConnectionPoolIdentity identity, SqlConnectionString connectionOptions, SqlCredential credential, Object providerInfo, String newPassword, SecureString newSecurePassword, Boolean redirectedUserInstance, SqlConnectionString userConnectionOptions, SessionData reconnectSessionData, Boolean applyTransientFaultHandling, String accessToken)
   at System.Data.SqlClient.SqlConnectionFactory.CreateConnection(DbConnectionOptions options, DbConnectionPoolKey poolKey, Object poolGroupProviderInfo, DbConnectionPool pool, DbConnection owningConnection, DbConnectionOptions userOptions)
   at System.Data.ProviderBase.DbConnectionFactory.CreatePooledConnection(DbConnectionPool pool, DbConnection owningObject, DbConnectionOptions options, DbConnectionPoolKey poolKey, DbConnectionOptions userOptions)
   at System.Data.ProviderBase.DbConnectionPool.CreateObject(DbConnection owningObject, DbConnectionOptions userOptions, DbConnectionInternal oldConnection)
   at System.Data.ProviderBase.DbConnectionPool.UserCreateRequest(DbConnection owningObject, DbConnectionOptions userOptions, DbConnectionInternal oldConnection)
   at System.Data.ProviderBase.DbConnectionPool.TryGetConnection(DbConnection owningObject, UInt32 waitForMultipleObjectsTimeout, Boolean allowCreate, Boolean onlyOneCheckConnection, DbConnectionOptions userOptions, DbConnectionInternal& connection)
   at System.Data.ProviderBase.DbConnectionPool.WaitForPendingOpen()
--- End of stack trace from previous location where exception was thrown ---
   at Microsoft.EntityFrameworkCore.Storage.RelationalConnection.OpenDbConnectionAsync(Boolean errorsExpected, CancellationToken cancellationToken)
   at Microsoft.EntityFrameworkCore.Storage.RelationalConnection.OpenAsync(CancellationToken cancellationToken, Boolean errorsExpected)
   at Microsoft.EntityFrameworkCore.Query.Internal.AsyncQueryingEnumerable`1.AsyncEnumerator.BufferlessMoveNext(DbContext _, Boolean buffer, CancellationToken cancellationToken)
   at Microsoft.EntityFrameworkCore.SqlServer.Storage.Internal.SqlServerExecutionStrategy.ExecuteAsync[TState,TResult](TState state, Func`4 operation, Func`4 verifySucceeded, CancellationToken cancellationToken)
   --- End of inner exception stack trace ---
   at Microsoft.EntityFrameworkCore.SqlServer.Storage.Internal.SqlServerExecutionStrategy.ExecuteAsync[TState,TResult](TState state, Func`4 operation, Func`4 verifySucceeded, CancellationToken cancellationToken)
   at Microsoft.EntityFrameworkCore.Query.Internal.AsyncQueryingEnumerable`1.AsyncEnumerator.MoveNext(CancellationToken cancellationToken)
   at System.Linq.AsyncEnumerable.FirstOrDefault_[TSource](IAsyncEnumerable`1 source, CancellationToken cancellationToken) in D:\a\1\s\Ix.NET\Source\System.Interactive.Async\First.cs:line 144
   at Microsoft.EntityFrameworkCore.Query.Internal.AsyncLinqOperatorProvider.TaskResultAsyncEnumerable`1.Enumerator.MoveNext(CancellationToken cancellationToken)
   at System.Linq.AsyncEnumerable.SelectEnumerableAsyncIterator`2.MoveNextCore(CancellationToken cancellationToken) in D:\a\1\s\Ix.NET\Source\System.Interactive.Async\Select.cs:line 106
   at System.Linq.AsyncEnumerable.AsyncIterator`1.MoveNext(CancellationToken cancellationToken) in D:\a\1\s\Ix.NET\Source\System.Interactive.Async\AsyncIterator.cs:line 98
   at Microsoft.EntityFrameworkCore.Query.Internal.AsyncLinqOperatorProvider.ExceptionInterceptor`1.EnumeratorExceptionInterceptor.MoveNext(CancellationToken cancellationToken)
ERROR 09:47:10 An exception occurred while iterating over the results of a query for context type 'EmployeeInfo.Data.DataContext.ApplicationDbContext'.
System.InvalidOperationException: An exception has been raised that is likely due to a transient failure. Consider enabling transient error resiliency by adding 'EnableRetryOnFailure()' to the 'UseSqlServer' call. ---> System.Data.SqlClient.SqlException: A connection was successfully established with the server, but then an error occurred during the login process. (provider: Shared Memory Provider, error: 0 - No process is on the other end of the pipe.) ---> System.ComponentModel.Win32Exception: No process is on the other end of the pipe
   --- End of inner exception stack trace ---
   at System.Data.SqlClient.SqlInternalConnectionTds..ctor(DbConnectionPoolIdentity identity, SqlConnectionString connectionOptions, SqlCredential credential, Object providerInfo, String newPassword, SecureString newSecurePassword, Boolean redirectedUserInstance, SqlConnectionString userConnectionOptions, SessionData reconnectSessionData, Boolean applyTransientFaultHandling, String accessToken)
   at System.Data.SqlClient.SqlConnectionFactory.CreateConnection(DbConnectionOptions options, DbConnectionPoolKey poolKey, Object poolGroupProviderInfo, DbConnectionPool pool, DbConnection owningConnection, DbConnectionOptions userOptions)
   at System.Data.ProviderBase.DbConnectionFactory.CreatePooledConnection(DbConnectionPool pool, DbConnection owningObject, DbConnectionOptions options, DbConnectionPoolKey poolKey, DbConnectionOptions userOptions)
   at System.Data.ProviderBase.DbConnectionPool.CreateObject(DbConnection owningObject, DbConnectionOptions userOptions, DbConnectionInternal oldConnection)
   at System.Data.ProviderBase.DbConnectionPool.UserCreateRequest(DbConnection owningObject, DbConnectionOptions userOptions, DbConnectionInternal oldConnection)
   at System.Data.ProviderBase.DbConnectionPool.TryGetConnection(DbConnection owningObject, UInt32 waitForMultipleObjectsTimeout, Boolean allowCreate, Boolean onlyOneCheckConnection, DbConnectionOptions userOptions, DbConnectionInternal& connection)
   at System.Data.ProviderBase.DbConnectionPool.WaitForPendingOpen()
--- End of stack trace from previous location where exception was thrown ---
   at Microsoft.EntityFrameworkCore.Storage.RelationalConnection.OpenDbConnectionAsync(Boolean errorsExpected, CancellationToken cancellationToken)
   at Microsoft.EntityFrameworkCore.Storage.RelationalConnection.OpenAsync(CancellationToken cancellationToken, Boolean errorsExpected)
   at Microsoft.EntityFrameworkCore.Query.Internal.AsyncQueryingEnumerable`1.AsyncEnumerator.BufferlessMoveNext(DbContext _, Boolean buffer, CancellationToken cancellationToken)
   at Microsoft.EntityFrameworkCore.SqlServer.Storage.Internal.SqlServerExecutionStrategy.ExecuteAsync[TState,TResult](TState state, Func`4 operation, Func`4 verifySucceeded, CancellationToken cancellationToken)
   --- End of inner exception stack trace ---
   at Microsoft.EntityFrameworkCore.SqlServer.Storage.Internal.SqlServerExecutionStrategy.ExecuteAsync[TState,TResult](TState state, Func`4 operation, Func`4 verifySucceeded, CancellationToken cancellationToken)
   at Microsoft.EntityFrameworkCore.Query.Internal.AsyncQueryingEnumerable`1.AsyncEnumerator.MoveNext(CancellationToken cancellationToken)
   at System.Linq.AsyncEnumerable.FirstOrDefault_[TSource](IAsyncEnumerable`1 source, CancellationToken cancellationToken) in D:\a\1\s\Ix.NET\Source\System.Interactive.Async\First.cs:line 144
   at Microsoft.EntityFrameworkCore.Query.Internal.AsyncLinqOperatorProvider.TaskResultAsyncEnumerable`1.Enumerator.MoveNext(CancellationToken cancellationToken)
   at System.Linq.AsyncEnumerable.SelectEnumerableAsyncIterator`2.MoveNextCore(CancellationToken cancellationToken) in D:\a\1\s\Ix.NET\Source\System.Interactive.Async\Select.cs:line 106
   at System.Linq.AsyncEnumerable.AsyncIterator`1.MoveNext(CancellationToken cancellationToken) in D:\a\1\s\Ix.NET\Source\System.Interactive.Async\AsyncIterator.cs:line 98
   at Microsoft.EntityFrameworkCore.Query.Internal.AsyncLinqOperatorProvider.ExceptionInterceptor`1.EnumeratorExceptionInterceptor.MoveNext(CancellationToken cancellationToken)
   at Microsoft.EntityFrameworkCore.Query.Internal.QueryCompiler.ExecuteSingletonAsyncQuery[TResult](QueryContext queryContext, Func`2 compiledQuery, IDiagnosticsLogger`1 logger, Type contextType)
INFO  09:47:10 Executed page /Account/Register in 3479.3034ms
INFO  09:47:10 Executed endpoint 'Page: /Account/Register'
INFO  09:47:11 Request finished in 4247.9207ms 500 text/html; charset=utf-8
INFO  09:47:19 Request starting HTTP/2.0 POST https://localhost:44331/ApplyDatabaseMigrations application/x-www-form-urlencoded 146
INFO  09:47:19 Entity Framework Core 2.2.6-servicing-10079 initialized 'ApplicationDbContext' using provider 'Microsoft.EntityFrameworkCore.SqlServer' with options: None
INFO  09:47:32 Executed DbCommand (3,138ms) [Parameters=[], CommandType='Text', CommandTimeout='60']
CREATE DATABASE [EmployeeInfoIdentity];
INFO  09:47:34 Executed DbCommand (2,188ms) [Parameters=[], CommandType='Text', CommandTimeout='60']
IF SERVERPROPERTY('EngineEdition') <> 5
BEGIN
    ALTER DATABASE [EmployeeInfoIdentity] SET READ_COMMITTED_SNAPSHOT ON;
END;
INFO  09:47:34 Executed DbCommand (84ms) [Parameters=[], CommandType='Text', CommandTimeout='30']
CREATE TABLE [__EFMigrationsHistory] (
    [MigrationId] nvarchar(150) NOT NULL,
    [ProductVersion] nvarchar(32) NOT NULL,
    CONSTRAINT [PK___EFMigrationsHistory] PRIMARY KEY ([MigrationId])
);
INFO  09:47:34 Executed DbCommand (55ms) [Parameters=[], CommandType='Text', CommandTimeout='30']
SELECT OBJECT_ID(N'[__EFMigrationsHistory]');
INFO  09:47:34 Executed DbCommand (2ms) [Parameters=[], CommandType='Text', CommandTimeout='30']
SELECT [MigrationId], [ProductVersion]
FROM [__EFMigrationsHistory]
ORDER BY [MigrationId];
INFO  09:47:34 Applying migration '20200915161532_MyFirstMigration'.
INFO  09:47:35 Executed DbCommand (40ms) [Parameters=[], CommandType='Text', CommandTimeout='30']
CREATE TABLE [AspNetRoles] (
    [Id] nvarchar(450) NOT NULL,
    [Name] nvarchar(256) NULL,
    [NormalizedName] nvarchar(256) NULL,
    [ConcurrencyStamp] nvarchar(max) NULL,
    CONSTRAINT [PK_AspNetRoles] PRIMARY KEY ([Id])
);
INFO  09:47:35 Executed DbCommand (2ms) [Parameters=[], CommandType='Text', CommandTimeout='30']
CREATE TABLE [AspNetUsers] (
    [Id] nvarchar(450) NOT NULL,
    [UserName] nvarchar(256) NULL,
    [NormalizedUserName] nvarchar(256) NULL,
    [Email] nvarchar(256) NULL,
    [NormalizedEmail] nvarchar(256) NULL,
    [EmailConfirmed] bit NOT NULL,
    [PasswordHash] nvarchar(max) NULL,
    [SecurityStamp] nvarchar(max) NULL,
    [ConcurrencyStamp] nvarchar(max) NULL,
    [PhoneNumber] nvarchar(max) NULL,
    [PhoneNumberConfirmed] bit NOT NULL,
    [TwoFactorEnabled] bit NOT NULL,
    [LockoutEnd] datetimeoffset NULL,
    [LockoutEnabled] bit NOT NULL,
    [AccessFailedCount] int NOT NULL,
    [FirstName] nvarchar(max) NULL,
    [LastName] nvarchar(max) NULL,
    CONSTRAINT [PK_AspNetUsers] PRIMARY KEY ([Id])
);
INFO  09:47:35 Executed DbCommand (69ms) [Parameters=[], CommandType='Text', CommandTimeout='30']
CREATE TABLE [AspNetRoleClaims] (
    [Id] int NOT NULL IDENTITY,
    [RoleId] nvarchar(450) NOT NULL,
    [ClaimType] nvarchar(max) NULL,
    [ClaimValue] nvarchar(max) NULL,
    CONSTRAINT [PK_AspNetRoleClaims] PRIMARY KEY ([Id]),
    CONSTRAINT [FK_AspNetRoleClaims_AspNetRoles_RoleId] FOREIGN KEY ([RoleId]) REFERENCES [AspNetRoles] ([Id]) ON DELETE CASCADE
);
INFO  09:47:35 Executed DbCommand (2ms) [Parameters=[], CommandType='Text', CommandTimeout='30']
CREATE TABLE [AspNetUserClaims] (
    [Id] int NOT NULL IDENTITY,
    [UserId] nvarchar(450) NOT NULL,
    [ClaimType] nvarchar(max) NULL,
    [ClaimValue] nvarchar(max) NULL,
    CONSTRAINT [PK_AspNetUserClaims] PRIMARY KEY ([Id]),
    CONSTRAINT [FK_AspNetUserClaims_AspNetUsers_UserId] FOREIGN KEY ([UserId]) REFERENCES [AspNetUsers] ([Id]) ON DELETE CASCADE
);
INFO  09:47:35 Executed DbCommand (4ms) [Parameters=[], CommandType='Text', CommandTimeout='30']
CREATE TABLE [AspNetUserLogins] (
    [LoginProvider] nvarchar(128) NOT NULL,
    [ProviderKey] nvarchar(128) NOT NULL,
    [ProviderDisplayName] nvarchar(max) NULL,
    [UserId] nvarchar(450) NOT NULL,
    CONSTRAINT [PK_AspNetUserLogins] PRIMARY KEY ([LoginProvider], [ProviderKey]),
    CONSTRAINT [FK_AspNetUserLogins_AspNetUsers_UserId] FOREIGN KEY ([UserId]) REFERENCES [AspNetUsers] ([Id]) ON DELETE CASCADE
);
INFO  09:47:35 Executed DbCommand (100ms) [Parameters=[], CommandType='Text', CommandTimeout='30']
CREATE TABLE [AspNetUserRoles] (
    [UserId] nvarchar(450) NOT NULL,
    [RoleId] nvarchar(450) NOT NULL,
    CONSTRAINT [PK_AspNetUserRoles] PRIMARY KEY ([UserId], [RoleId]),
    CONSTRAINT [FK_AspNetUserRoles_AspNetRoles_RoleId] FOREIGN KEY ([RoleId]) REFERENCES [AspNetRoles] ([Id]) ON DELETE CASCADE,
    CONSTRAINT [FK_AspNetUserRoles_AspNetUsers_UserId] FOREIGN KEY ([UserId]) REFERENCES [AspNetUsers] ([Id]) ON DELETE CASCADE
);
INFO  09:47:35 Executed DbCommand (3ms) [Parameters=[], CommandType='Text', CommandTimeout='30']
CREATE TABLE [AspNetUserTokens] (
    [UserId] nvarchar(450) NOT NULL,
    [LoginProvider] nvarchar(128) NOT NULL,
    [Name] nvarchar(128) NOT NULL,
    [Value] nvarchar(max) NULL,
    CONSTRAINT [PK_AspNetUserTokens] PRIMARY KEY ([UserId], [LoginProvider], [Name]),
    CONSTRAINT [FK_AspNetUserTokens_AspNetUsers_UserId] FOREIGN KEY ([UserId]) REFERENCES [AspNetUsers] ([Id]) ON DELETE CASCADE
);
INFO  09:47:35 Executed DbCommand (165ms) [Parameters=[], CommandType='Text', CommandTimeout='30']
CREATE INDEX [IX_AspNetRoleClaims_RoleId] ON [AspNetRoleClaims] ([RoleId]);
INFO  09:47:35 Executed DbCommand (17ms) [Parameters=[], CommandType='Text', CommandTimeout='30']
CREATE UNIQUE INDEX [RoleNameIndex] ON [AspNetRoles] ([NormalizedName]) WHERE [NormalizedName] IS NOT NULL;
INFO  09:47:35 Executed DbCommand (1ms) [Parameters=[], CommandType='Text', CommandTimeout='30']
CREATE INDEX [IX_AspNetUserClaims_UserId] ON [AspNetUserClaims] ([UserId]);
INFO  09:47:35 Executed DbCommand (1ms) [Parameters=[], CommandType='Text', CommandTimeout='30']
CREATE INDEX [IX_AspNetUserLogins_UserId] ON [AspNetUserLogins] ([UserId]);
INFO  09:47:35 Executed DbCommand (2ms) [Parameters=[], CommandType='Text', CommandTimeout='30']
CREATE INDEX [IX_AspNetUserRoles_RoleId] ON [AspNetUserRoles] ([RoleId]);
INFO  09:47:35 Executed DbCommand (1ms) [Parameters=[], CommandType='Text', CommandTimeout='30']
CREATE INDEX [EmailIndex] ON [AspNetUsers] ([NormalizedEmail]);
INFO  09:47:35 Executed DbCommand (2ms) [Parameters=[], CommandType='Text', CommandTimeout='30']
CREATE UNIQUE INDEX [UserNameIndex] ON [AspNetUsers] ([NormalizedUserName]) WHERE [NormalizedUserName] IS NOT NULL;
INFO  09:47:35 Executed DbCommand (42ms) [Parameters=[], CommandType='Text', CommandTimeout='30']
INSERT INTO [__EFMigrationsHistory] ([MigrationId], [ProductVersion])
VALUES (N'20200915161532_MyFirstMigration', N'2.2.6-servicing-10079');
INFO  09:47:35 Request finished in 16229.1255ms 204 
ERROR 09:47:35 Connection ID "18374686489872171257", Request ID "800000fa-0002-ff00-b63f-84710c7967bb": An unhandled exception was thrown by the application.
INFO  09:47:47 Request starting HTTP/2.0 POST https://localhost:44331/Identity/Account/Register application/x-www-form-urlencoded 280
INFO  09:47:47 Executing endpoint 'Page: /Account/Register'
INFO  09:47:47 Route matched with {page = "/Account/Register", area = "Identity"}. Executing page /Account/Register
INFO  09:47:47 Executing handler method EmployeeInfo.Areas.Identity.Pages.Account.RegisterModel.OnPostAsync - ModelState is Valid
INFO  09:47:47 Entity Framework Core 2.2.6-servicing-10079 initialized 'ApplicationDbContext' using provider 'Microsoft.EntityFrameworkCore.SqlServer' with options: None
INFO  09:47:47 Executed DbCommand (60ms) [Parameters=[@__normalizedUserName_0='?' (Size = 256)], CommandType='Text', CommandTimeout='30']
SELECT TOP(1) [u].[Id], [u].[AccessFailedCount], [u].[ConcurrencyStamp], [u].[Email], [u].[EmailConfirmed], [u].[FirstName], [u].[LastName], [u].[LockoutEnabled], [u].[LockoutEnd], [u].[NormalizedEmail], [u].[NormalizedUserName], [u].[PasswordHash], [u].[PhoneNumber], [u].[PhoneNumberConfirmed], [u].[SecurityStamp], [u].[TwoFactorEnabled], [u].[UserName]
FROM [AspNetUsers] AS [u]
WHERE [u].[NormalizedUserName] = @__normalizedUserName_0
INFO  09:47:48 Executed DbCommand (147ms) [Parameters=[@p0='?' (Size = 450), @p1='?' (DbType = Int32), @p2='?' (Size = 4000), @p3='?' (Size = 256), @p4='?' (DbType = Boolean), @p5='?' (Size = 4000), @p6='?' (Size = 4000), @p7='?' (DbType = Boolean), @p8='?' (DbType = DateTimeOffset), @p9='?' (Size = 256), @p10='?' (Size = 256), @p11='?' (Size = 4000), @p12='?' (Size = 4000), @p13='?' (DbType = Boolean), @p14='?' (Size = 4000), @p15='?' (DbType = Boolean), @p16='?' (Size = 256)], CommandType='Text', CommandTimeout='30']
SET NOCOUNT ON;
INSERT INTO [AspNetUsers] ([Id], [AccessFailedCount], [ConcurrencyStamp], [Email], [EmailConfirmed], [FirstName], [LastName], [LockoutEnabled], [LockoutEnd], [NormalizedEmail], [NormalizedUserName], [PasswordHash], [PhoneNumber], [PhoneNumberConfirmed], [SecurityStamp], [TwoFactorEnabled], [UserName])
VALUES (@p0, @p1, @p2, @p3, @p4, @p5, @p6, @p7, @p8, @p9, @p10, @p11, @p12, @p13, @p14, @p15, @p16);
INFO  09:47:48 User created a new account with password.
INFO  09:47:48 Executed DbCommand (2ms) [Parameters=[@__user_Id_0='?' (Size = 450)], CommandType='Text', CommandTimeout='30']
SELECT [uc].[Id], [uc].[ClaimType], [uc].[ClaimValue], [uc].[UserId]
FROM [AspNetUserClaims] AS [uc]
WHERE [uc].[UserId] = @__user_Id_0
INFO  09:47:48 AuthenticationScheme: Identity.Application signed in.
INFO  09:47:48 Executed handler method OnPostAsync, returned result Microsoft.AspNetCore.Mvc.LocalRedirectResult.
INFO  09:47:48 Executing LocalRedirectResult, redirecting to /.
INFO  09:47:48 Executed page /Account/Register in 717.5138ms
INFO  09:47:48 Executed endpoint 'Page: /Account/Register'
INFO  09:47:48 Request finished in 731.7163ms 302 
INFO  09:47:48 Request starting HTTP/2.0 GET https://localhost:44331/  
INFO  09:47:48 Executing endpoint 'Page: /Index'
INFO  09:47:48 Route matched with {page = "/Index", area = ""}. Executing page /Index
INFO  09:47:48 Executing handler method EmployeeInfo.Pages.IndexModel.OnGet - ModelState is Valid
INFO  09:47:48 Executed handler method OnGet, returned result .
INFO  09:47:48 Executing an implicit handler method - ModelState is Valid
INFO  09:47:48 Executed an implicit handler method, returned result Microsoft.AspNetCore.Mvc.RazorPages.PageResult.
INFO  09:47:48 Executed page /Index in 18.727ms
INFO  09:47:48 Executed endpoint 'Page: /Index'
INFO  09:47:48 Request finished in 64.114ms 200 text/html; charset=utf-8
INFO  09:47:50 Request starting HTTP/2.0 POST https://localhost:44331/Identity/Account/Logout application/x-www-form-urlencoded 225
INFO  09:47:50 Executing endpoint 'Page: /Account/Logout'
INFO  09:47:50 Route matched with {page = "/Account/Logout", area = "Identity"}. Executing page /Account/Logout
INFO  09:47:50 Executing handler method EmployeeInfo.Areas.Identity.Pages.Account.LogoutModel.OnPost - ModelState is Valid
INFO  09:47:50 AuthenticationScheme: Identity.Application signed out.
INFO  09:47:50 AuthenticationScheme: Identity.External signed out.
INFO  09:47:51 AuthenticationScheme: Identity.TwoFactorUserId signed out.
INFO  09:47:51 User logged out.
INFO  09:47:51 Executed handler method OnPost, returned result Microsoft.AspNetCore.Mvc.RazorPages.PageResult.
INFO  09:47:51 Executed page /Account/Logout in 41.9418ms
INFO  09:47:51 Executed endpoint 'Page: /Account/Logout'
INFO  09:47:51 Request finished in 121.3218ms 200 text/html; charset=utf-8
INFO  09:48:23 Request starting HTTP/2.0 POST https://localhost:44331/Identity/Account/Logout application/x-www-form-urlencoded 225
INFO  09:48:23 Executing endpoint 'Page: /Account/Logout'
INFO  09:48:23 Route matched with {page = "/Account/Logout", area = "Identity"}. Executing page /Account/Logout
INFO  09:48:23 Antiforgery token validation failed. The provided antiforgery token was meant for a different claims-based user than the current user.
INFO  09:48:23 Authorization failed for the request at filter 'Microsoft.AspNetCore.Mvc.ViewFeatures.Internal.AutoValidateAntiforgeryTokenAuthorizationFilter'.
INFO  09:48:23 Executing HttpStatusCodeResult, setting HTTP status code 400
INFO  09:48:23 Executed page /Account/Logout in 46.4769ms
INFO  09:48:23 Executed endpoint 'Page: /Account/Logout'
INFO  09:48:23 Request finished in 61.7145ms 400 
INFO  09:48:27 Request starting HTTP/2.0 POST https://localhost:44331/Identity/Account/Logout application/x-www-form-urlencoded 225
INFO  09:48:27 Executing endpoint 'Page: /Account/Logout'
INFO  09:48:27 Route matched with {page = "/Account/Logout", area = "Identity"}. Executing page /Account/Logout
INFO  09:48:27 Antiforgery token validation failed. The required antiforgery cookie ".AspNetCore.Antiforgery.3vv2DLiD5vc" is not present.
INFO  09:48:27 Authorization failed for the request at filter 'Microsoft.AspNetCore.Mvc.ViewFeatures.Internal.AutoValidateAntiforgeryTokenAuthorizationFilter'.
INFO  09:48:27 Executing HttpStatusCodeResult, setting HTTP status code 400
INFO  09:48:27 Executed page /Account/Logout in 6.468ms
INFO  09:48:27 Executed endpoint 'Page: /Account/Logout'
INFO  09:48:27 Request finished in 19.9984ms 400 
INFO  09:48:37 Request starting HTTP/2.0 GET https://localhost:44331/  
INFO  09:48:37 Executing endpoint 'Page: /Index'
INFO  09:48:37 Route matched with {page = "/Index", area = ""}. Executing page /Index
INFO  09:48:37 Executing handler method EmployeeInfo.Pages.IndexModel.OnGet - ModelState is Valid
INFO  09:48:37 Executed handler method OnGet, returned result .
INFO  09:48:37 Executing an implicit handler method - ModelState is Valid
INFO  09:48:37 Executed an implicit handler method, returned result Microsoft.AspNetCore.Mvc.RazorPages.PageResult.
INFO  09:48:37 Executed page /Index in 15.2969ms
INFO  09:48:37 Executed endpoint 'Page: /Index'
INFO  09:48:37 Request finished in 32.489ms 200 text/html; charset=utf-8
INFO  09:48:39 Request starting HTTP/2.0 GET https://localhost:44331/Identity/Account/Login  
INFO  09:48:39 Executing endpoint 'Page: /Account/Login'
INFO  09:48:39 Route matched with {page = "/Account/Login", area = "Identity"}. Executing page /Account/Login
INFO  09:48:39 Executing handler method EmployeeInfo.Areas.Identity.Pages.Account.LoginModel.OnGetAsync - ModelState is Valid
INFO  09:48:39 AuthenticationScheme: Identity.External signed out.
INFO  09:48:39 Executed handler method OnGetAsync, returned result .
INFO  09:48:39 Executing an implicit handler method - ModelState is Valid
INFO  09:48:39 Executed an implicit handler method, returned result Microsoft.AspNetCore.Mvc.RazorPages.PageResult.
INFO  09:48:39 Executed page /Account/Login in 138.369ms
INFO  09:48:39 Executed endpoint 'Page: /Account/Login'
INFO  09:48:39 Request finished in 216.7259ms 200 text/html; charset=utf-8
INFO  09:48:48 Request starting HTTP/2.0 POST https://localhost:44331/Identity/Account/Login application/x-www-form-urlencoded 270
INFO  09:48:48 Executing endpoint 'Page: /Account/Login'
INFO  09:48:48 Route matched with {page = "/Account/Login", area = "Identity"}. Executing page /Account/Login
INFO  09:48:48 Executing handler method EmployeeInfo.Areas.Identity.Pages.Account.LoginModel.OnPostAsync - ModelState is Valid
INFO  09:48:48 Entity Framework Core 2.2.6-servicing-10079 initialized 'ApplicationDbContext' using provider 'Microsoft.EntityFrameworkCore.SqlServer' with options: None
INFO  09:48:48 Executed DbCommand (273ms) [Parameters=[@__normalizedUserName_0='?' (Size = 256)], CommandType='Text', CommandTimeout='30']
SELECT TOP(1) [u].[Id], [u].[AccessFailedCount], [u].[ConcurrencyStamp], [u].[Email], [u].[EmailConfirmed], [u].[FirstName], [u].[LastName], [u].[LockoutEnabled], [u].[LockoutEnd], [u].[NormalizedEmail], [u].[NormalizedUserName], [u].[PasswordHash], [u].[PhoneNumber], [u].[PhoneNumberConfirmed], [u].[SecurityStamp], [u].[TwoFactorEnabled], [u].[UserName]
FROM [AspNetUsers] AS [u]
WHERE [u].[NormalizedUserName] = @__normalizedUserName_0
INFO  09:48:48 Executed DbCommand (2ms) [Parameters=[@__user_Id_0='?' (Size = 450)], CommandType='Text', CommandTimeout='30']
SELECT [uc].[Id], [uc].[ClaimType], [uc].[ClaimValue], [uc].[UserId]
FROM [AspNetUserClaims] AS [uc]
WHERE [uc].[UserId] = @__user_Id_0
INFO  09:48:48 AuthenticationScheme: Identity.Application signed in.
INFO  09:48:48 User logged in.
INFO  09:48:48 Executed handler method OnPostAsync, returned result Microsoft.AspNetCore.Mvc.LocalRedirectResult.
INFO  09:48:48 Executing LocalRedirectResult, redirecting to /.
INFO  09:48:48 Executed page /Account/Login in 357.8075ms
INFO  09:48:48 Executed endpoint 'Page: /Account/Login'
INFO  09:48:48 Request finished in 372.6366ms 302 
INFO  09:48:48 Request starting HTTP/2.0 GET https://localhost:44331/  
INFO  09:48:48 Executing endpoint 'Page: /Index'
INFO  09:48:48 Route matched with {page = "/Index", area = ""}. Executing page /Index
INFO  09:48:48 Executing handler method EmployeeInfo.Pages.IndexModel.OnGet - ModelState is Valid
INFO  09:48:48 Executed handler method OnGet, returned result .
INFO  09:48:48 Executing an implicit handler method - ModelState is Valid
INFO  09:48:48 Executed an implicit handler method, returned result Microsoft.AspNetCore.Mvc.RazorPages.PageResult.
INFO  09:48:48 Executed page /Index in 7.9722ms
INFO  09:48:48 Executed endpoint 'Page: /Index'
INFO  09:48:48 Request finished in 18.1698ms 200 text/html; charset=utf-8
INFO  09:48:53 Request starting HTTP/2.0 POST https://localhost:44331/Identity/Account/Logout application/x-www-form-urlencoded 225
INFO  09:48:53 Executing endpoint 'Page: /Account/Logout'
INFO  09:48:53 Route matched with {page = "/Account/Logout", area = "Identity"}. Executing page /Account/Logout
INFO  09:48:53 Executing handler method EmployeeInfo.Areas.Identity.Pages.Account.LogoutModel.OnPost - ModelState is Valid
INFO  09:48:53 AuthenticationScheme: Identity.Application signed out.
INFO  09:48:53 AuthenticationScheme: Identity.External signed out.
INFO  09:48:53 AuthenticationScheme: Identity.TwoFactorUserId signed out.
INFO  09:48:53 User logged out.
INFO  09:48:53 Executed handler method OnPost, returned result Microsoft.AspNetCore.Mvc.RazorPages.PageResult.
INFO  09:48:53 Executed page /Account/Logout in 13.8263ms
INFO  09:48:53 Executed endpoint 'Page: /Account/Logout'
INFO  09:48:53 Request finished in 25.8159ms 200 text/html; charset=utf-8
INFO  09:48:55 Request starting HTTP/2.0 GET https://localhost:44331/  
INFO  09:48:55 Executing endpoint 'Page: /Index'
INFO  09:48:55 Route matched with {page = "/Index", area = ""}. Executing page /Index
INFO  09:48:55 Executing handler method EmployeeInfo.Pages.IndexModel.OnGet - ModelState is Valid
INFO  09:48:55 Executed handler method OnGet, returned result .
INFO  09:48:55 Executing an implicit handler method - ModelState is Valid
INFO  09:48:55 Executed an implicit handler method, returned result Microsoft.AspNetCore.Mvc.RazorPages.PageResult.
INFO  09:48:55 Executed page /Index in 20.6541ms
INFO  09:48:55 Executed endpoint 'Page: /Index'
INFO  09:48:55 Request finished in 68.1812ms 200 text/html; charset=utf-8
INFO  09:48:56 Request starting HTTP/2.0 GET https://localhost:44331/Privacy  
INFO  09:48:56 Executing endpoint 'Page: /Privacy'
INFO  09:48:56 Route matched with {page = "/Privacy", area = ""}. Executing page /Privacy
INFO  09:48:56 Executing handler method EmployeeInfo.Pages.PrivacyModel.OnGet - ModelState is Valid
INFO  09:48:56 Executed handler method OnGet, returned result .
INFO  09:48:56 Executing an implicit handler method - ModelState is Valid
INFO  09:48:56 Executed an implicit handler method, returned result Microsoft.AspNetCore.Mvc.RazorPages.PageResult.
INFO  09:48:56 Executed page /Privacy in 14.857ms
INFO  09:48:56 Executed endpoint 'Page: /Privacy'
INFO  09:48:56 Request finished in 164.6954ms 200 text/html; charset=utf-8
INFO  09:48:58 Request starting HTTP/2.0 GET https://localhost:44331/Identity/Account/Login  
INFO  09:48:58 Executing endpoint 'Page: /Account/Login'
INFO  09:48:58 Route matched with {page = "/Account/Login", area = "Identity"}. Executing page /Account/Login
INFO  09:48:58 Executing handler method EmployeeInfo.Areas.Identity.Pages.Account.LoginModel.OnGetAsync - ModelState is Valid
INFO  09:48:58 AuthenticationScheme: Identity.External signed out.
INFO  09:48:58 Executed handler method OnGetAsync, returned result .
INFO  09:48:58 Executing an implicit handler method - ModelState is Valid
INFO  09:48:58 Executed an implicit handler method, returned result Microsoft.AspNetCore.Mvc.RazorPages.PageResult.
INFO  09:48:58 Executed page /Account/Login in 14.1215ms
INFO  09:48:58 Executed endpoint 'Page: /Account/Login'
INFO  09:48:58 Request finished in 24.7341ms 200 text/html; charset=utf-8
INFO  09:49:00 Request starting HTTP/2.0 GET https://localhost:44331/Identity/Account/Register  
INFO  09:49:00 Executing endpoint 'Page: /Account/Register'
INFO  09:49:00 Route matched with {page = "/Account/Register", area = "Identity"}. Executing page /Account/Register
INFO  09:49:00 Executing handler method EmployeeInfo.Areas.Identity.Pages.Account.RegisterModel.OnGet - ModelState is Valid
INFO  09:49:00 Executed handler method OnGet, returned result .
INFO  09:49:00 Executing an implicit handler method - ModelState is Valid
INFO  09:49:00 Executed an implicit handler method, returned result Microsoft.AspNetCore.Mvc.RazorPages.PageResult.
INFO  09:49:00 Executed page /Account/Register in 8.9438ms
INFO  09:49:00 Executed endpoint 'Page: /Account/Register'
INFO  09:49:00 Request finished in 27.0547ms 200 text/html; charset=utf-8
